<?xml version="1.0" encoding="UTF-8"?>
<!-- Generated by org.testng.reporters.JUnitXMLReporter -->
<testsuite ignored="0" hostname="LAPTOP-MTUFFKI8" failures="1" tests="8" name="Funtional Test" time="12.528" errors="0" timestamp="2022-11-10T11:12:22 IST">
  <testcase classname="ui.verifytitle" name="titleTest" time="8.218"/>
  <testcase classname="ui.logintest" name="Logintest" time="0.003"/>
  <testcase classname="ui.logintest" name="LogoutTest" time="0.002"/>
  <testcase classname="ui.verifytitleandtext" name="titleTest" time="4.238">
    <failure type="java.lang.AssertionError" message="Search expected:&amp;lt;Search&amp;gt; but was:&amp;lt;Textnotfound&amp;gt;">
      <![CDATA[java.lang.AssertionError: Search expected:<Search> but was:<Textnotfound>
at ui.verifytitleandtext.titleTest(verifytitleandtext.java:31)
at java.base/java.util.ArrayList.forEach(ArrayList.java:1511)
... Removed 27 stack frames]]>
    </failure>
  </testcase> <!-- titleTest -->
  <testcase classname="ui.groupdemo" name="aTest3" time="0.001"/>
  <testcase classname="ui.groupdemo" name="aTest4" time="0.001"/>
  <testcase classname="ui.groupdemo" name="aTest1" time="0.001"/>
  <testcase classname="ui.groupdemo" name="aTest2" time="0.0"/>
</testsuite> <!-- Funtional Test -->
