<?xml version="1.0" encoding="UTF-8"?>
<!-- Generated by org.testng.reporters.JUnitXMLReporter -->
<testsuite ignored="1" hostname="LAPTOP-MTUFFKI8" failures="0" tests="2" name="Default test" time="0.035" errors="0" timestamp="2022-11-10T12:27:04 IST">
  <testcase classname="ui.skip" name="skiptest2" time="0.008">
    <skipped/>
  </testcase> <!-- skiptest2 -->
  <testcase classname="ui.skip" name="skiptest3" time="0.0">
    <skipped/>
  </testcase> <!-- skiptest3 -->
  <testcase classname="ui.skip" name="skiptest1" time="0.0">
    <ignored/>
  </testcase> <!-- skiptest1 -->
</testsuite> <!-- Default test -->
