<?xml version="1.0" encoding="UTF-8"?>
<!-- Generated by org.testng.reporters.JUnitXMLReporter -->
<testsuite ignored="3" hostname="LAPTOP-MTUFFKI8" failures="0" tests="3" name="Regression" time="0.04" errors="0" timestamp="2022-11-10T11:17:51 IST">
  <testcase classname="ui.groupdemo" name="aTest3" time="0.009"/>
  <testcase classname="ui.groupdemo" name="aTest1" time="0.0"/>
  <testcase classname="ui.groupdemo" name="aTest2" time="0.001"/>
  <testcase classname="ui.logintest" name="Logintest" time="0.0">
    <ignored/>
  </testcase> <!-- Logintest -->
  <testcase classname="ui.logintest" name="LogoutTest" time="0.0">
    <ignored/>
  </testcase> <!-- LogoutTest -->
  <testcase classname="ui.groupdemo" name="aTest4" time="0.0">
    <ignored/>
  </testcase> <!-- aTest4 -->
</testsuite> <!-- Regression -->
