<?xml version="1.0" encoding="UTF-8"?>
<!-- Generated by org.testng.reporters.JUnitXMLReporter -->
<testsuite ignored="0" hostname="LAPTOP-FO3B0EN3" failures="0" tests="4" name="Default test" time="17.012" errors="0" timestamp="2022-11-23T12:52:01 IST">
  <testcase classname="TestNG.Groups" name="setup" time="16.604"/>
  <testcase classname="TestNG.Groups" name="testTitle" time="0.025"/>
  <testcase classname="TestNG.Groups" name="testdropdown" time="0.299"/>
  <testcase classname="TestNG.Groups" name="end" time="0.001"/>
</testsuite> <!-- Default test -->
