<?xml version="1.0" encoding="UTF-8"?>
<testng-results ignored="0" total="4" passed="4" failed="0" skipped="0">
  <reporter-output>
  </reporter-output>
  <suite started-at="2022-11-23T12:51:44 IST" name="Default suite" finished-at="2022-11-23T12:52:01 IST" duration-ms="17012">
    <groups>
      <group name="extend">
        <method signature="Groups.setup()[pri:1, instance:TestNG.Groups@1a4013]" name="setup" class="TestNG.Groups"/>
        <method signature="Groups.testTitle()[pri:2, instance:TestNG.Groups@1a4013]" name="testTitle" class="TestNG.Groups"/>
      </group> <!-- extend -->
      <group name="bvt">
        <method signature="Groups.setup()[pri:1, instance:TestNG.Groups@1a4013]" name="setup" class="TestNG.Groups"/>
        <method signature="Groups.testdropdown()[pri:3, instance:TestNG.Groups@1a4013]" name="testdropdown" class="TestNG.Groups"/>
      </group> <!-- bvt -->
    </groups>
    <test started-at="2022-11-23T12:51:44 IST" name="Default test" finished-at="2022-11-23T12:52:01 IST" duration-ms="17012">
      <class name="TestNG.Groups">
        <test-method signature="setup()[pri:1, instance:TestNG.Groups@1a4013]" started-at="2022-11-23T12:51:44 IST" name="setup" finished-at="2022-11-23T12:52:01 IST" duration-ms="16604" status="PASS">
          <reporter-output>
          </reporter-output>
        </test-method> <!-- setup -->
        <test-method signature="testTitle()[pri:2, instance:TestNG.Groups@1a4013]" started-at="2022-11-23T12:52:01 IST" name="testTitle" finished-at="2022-11-23T12:52:01 IST" duration-ms="25" status="PASS">
          <reporter-output>
          </reporter-output>
        </test-method> <!-- testTitle -->
        <test-method signature="testdropdown()[pri:3, instance:TestNG.Groups@1a4013]" started-at="2022-11-23T12:52:01 IST" name="testdropdown" finished-at="2022-11-23T12:52:01 IST" duration-ms="299" status="PASS">
          <reporter-output>
          </reporter-output>
        </test-method> <!-- testdropdown -->
        <test-method signature="end()[pri:4, instance:TestNG.Groups@1a4013]" started-at="2022-11-23T12:52:01 IST" name="end" finished-at="2022-11-23T12:52:01 IST" duration-ms="1" status="PASS">
          <reporter-output>
          </reporter-output>
        </test-method> <!-- end -->
      </class> <!-- TestNG.Groups -->
    </test> <!-- Default test -->
  </suite> <!-- Default suite -->
</testng-results>
