<?xml version="1.0" encoding="UTF-8"?>
<!-- Generated by org.testng.reporters.JUnitXMLReporter -->
<testsuite ignored="2" hostname="LAPTOP-MTUFFKI8" failures="0" tests="2" name="GRP-bvt" time="0.037" errors="0" timestamp="2022-11-10T09:28:21 IST">
  <testcase classname="ui.groupdemo" name="aTest3" time="0.007"/>
  <testcase classname="ui.groupdemo" name="aTest4" time="0.001"/>
  <testcase classname="ui.groupdemo" name="aTest2" time="0.0">
    <ignored/>
  </testcase> <!-- aTest2 -->
  <testcase classname="ui.groupdemo" name="aTest1" time="0.0">
    <ignored/>
  </testcase> <!-- aTest1 -->
</testsuite> <!-- GRP-bvt -->
