<?xml version="1.0" encoding="UTF-8"?>
<!-- Generated by org.testng.reporters.JUnitXMLReporter -->
<testsuite ignored="0" hostname="LAPTOP-MTUFFKI8" failures="0" tests="4" name="GRP-user-register" time="0.038" errors="0" timestamp="2022-11-10T09:31:52 IST">
  <testcase classname="ui.groupdemo" name="aTest3" time="0.008"/>
  <testcase classname="ui.groupdemo" name="aTest4" time="0.001"/>
  <testcase classname="ui.groupdemo" name="aTest1" time="0.0"/>
  <testcase classname="ui.groupdemo" name="aTest2" time="0.001"/>
</testsuite> <!-- GRP-user-register -->
